<?xml version="1.0" encoding="UTF-8"?>
<!-- Generated by org.testng.reporters.JUnitReportReporter -->
<testsuite skipped="0" hostname="Shailesh" name="testNG.Program5" tests="4" failures="0" timestamp="14 Sep 2020 15:33:20 GMT" time="0.026" errors="0">
  <testcase name="mango" time="0.018" classname="testNG.Program5"/>
  <testcase name="dog" time="0.003" classname="testNG.Program5"/>
  <testcase name="bat" time="0.003" classname="testNG.Program5"/>
  <testcase name="apple" time="0.002" classname="testNG.Program5"/>
</testsuite> <!-- testNG.Program5 -->
