<?xml version="1.0" encoding="UTF-8"?>
<!-- Generated by org.testng.reporters.JUnitReportReporter -->
<testsuite skipped="0" hostname="Shailesh" name="testNG.Program13" tests="2" failures="0" timestamp="15 Sep 2020 16:30:30 GMT" time="49.270" errors="0">
  <testcase name="google" time="17.138" classname="testNG.Program13"/>
  <testcase name="fb" time="32.132" classname="testNG.Program13"/>
</testsuite> <!-- testNG.Program13 -->
