<?xml version="1.0" encoding="UTF-8"?>
<!-- Generated by org.testng.reporters.JUnitReportReporter -->
<testsuite skipped="0" hostname="Shailesh" name="testNG.Program6" tests="14" failures="0" timestamp="15 Sep 2020 15:18:54 GMT" time="0.044" errors="0">
  <testcase name="dog" time="0.001" classname="testNG.Program6"/>
  <testcase name="bat" time="0.002" classname="testNG.Program6"/>
  <testcase name="apple" time="0.001" classname="testNG.Program6"/>
  <testcase name="mango" time="0.018" classname="testNG.Program6"/>
  <testcase name="mango" time="0.001" classname="testNG.Program6"/>
  <testcase name="mango" time="0.002" classname="testNG.Program6"/>
  <testcase name="apple" time="0.003" classname="testNG.Program6"/>
  <testcase name="mango" time="0.006" classname="testNG.Program6"/>
  <testcase name="mango" time="0.002" classname="testNG.Program6"/>
  <testcase name="dog" time="0.003" classname="testNG.Program6"/>
  <testcase name="dog" time="0.002" classname="testNG.Program6"/>
  <testcase name="bat" time="0.001" classname="testNG.Program6"/>
  <testcase name="bat" time="0.001" classname="testNG.Program6"/>
  <testcase name="bat" time="0.001" classname="testNG.Program6"/>
</testsuite> <!-- testNG.Program6 -->
