<?xml version="1.0" encoding="UTF-8"?>
<!-- Generated by org.testng.reporters.JUnitReportReporter -->
<testsuite skipped="0" hostname="Shailesh" name="testNG.Program14" tests="1" failures="0" timestamp="22 Sep 2020 15:27:21 GMT" time="22.916" errors="0">
  <testcase name="testGoogle" time="22.916" classname="testNG.Program14"/>
</testsuite> <!-- testNG.Program14 -->
