<?xml version="1.0" encoding="UTF-8"?>
<!-- Generated by org.testng.reporters.JUnitReportReporter -->
<testsuite skipped="0" hostname="Shailesh" name="testNG.Program8" tests="1" failures="0" timestamp="15 Sep 2020 15:29:44 GMT" time="0.011" errors="0">
  <testcase name="apple" time="0.011" classname="testNG.Program8"/>
</testsuite> <!-- testNG.Program8 -->
