<?xml version="1.0" encoding="UTF-8"?>
<!-- Generated by org.testng.reporters.JUnitReportReporter -->
<testsuite skipped="0" hostname="Shailesh" name="testNG.Program10" tests="1" failures="0" timestamp="15 Sep 2020 16:01:39 GMT" time="0.013" errors="0">
  <testcase name="m1" time="0.013" classname="testNG.Program10"/>
</testsuite> <!-- testNG.Program10 -->
