<?xml version="1.0" encoding="UTF-8"?>
<!-- Generated by org.testng.reporters.JUnitReportReporter -->
<testsuite skipped="0" hostname="Shailesh" name="testNG.Program3" tests="3" failures="0" timestamp="15 Sep 2020 15:18:54 GMT" time="0.019" errors="0">
  <testcase name="banana" time="0.002" classname="testNG.Program3"/>
  <testcase name="apple" time="0.016" classname="testNG.Program3"/>
  <testcase name="orange" time="0.001" classname="testNG.Program3"/>
</testsuite> <!-- testNG.Program3 -->
