<?xml version="1.0" encoding="UTF-8"?>
<!-- Generated by org.testng.reporters.JUnitReportReporter -->
<testsuite skipped="0" hostname="Shailesh" name="testNG.Program9" tests="2" failures="0" timestamp="15 Sep 2020 15:34:36 GMT" time="0.034" errors="0">
  <testcase name="pineApple" time="0.005" classname="testNG.Program9"/>
  <testcase name="apple" time="0.029" classname="testNG.Program9"/>
</testsuite> <!-- testNG.Program9 -->
